<?xml version="1.0" encoding="UTF-8"?>
<!-- Generated by org.testng.reporters.JUnitReportReporter -->
<testsuite hostname="ArunMotoori" failures="0" tests="5" name="runner.MyRunner" time="23.561" errors="0" timestamp="2022-11-17T16:19:29 IST" skipped="0">
  <testcase classname="runner.MyRunner" name="runScenario" time="4.458"/>
  <system-out/>
  <testcase classname="runner.MyRunner" name="runScenario" time="3.889"/>
  <system-out/>
  <testcase classname="runner.MyRunner" name="runScenario" time="4.410"/>
  <system-out/>
  <testcase classname="runner.MyRunner" name="runScenario" time="7.148"/>
  <system-out/>
  <testcase classname="runner.MyRunner" name="runScenario" time="3.656"/>
  <system-out/>
</testsuite> <!-- runner.MyRunner -->
