<?xml version="1.0" encoding="UTF-8"?>
<!-- Generated by org.testng.reporters.JUnitReportReporter -->
<testsuite hostname="INLEN8520087177" failures="0" tests="3" name="runner.MyRunner" time="8.976" errors="0" timestamp="2022-11-22T13:23:20 IST" skipped="0">
  <testcase classname="runner.MyRunner" name="runScenario" time="2.557"/>
  <system-out/>
  <testcase classname="runner.MyRunner" name="runScenario" time="3.901"/>
  <system-out/>
  <testcase classname="runner.MyRunner" name="runScenario" time="2.518"/>
  <system-out/>
</testsuite> <!-- runner.MyRunner -->
